<?xml version="1.0" encoding="UTF-8"?>
<coverage generated="1727961912615" clover="3.2.0">
  <project timestamp="1727961912615" name="All files">
    <metrics statements="37" coveredstatements="28" conditionals="18" coveredconditionals="14" methods="12" coveredmethods="8" elements="67" coveredelements="50" complexity="0" loc="37" ncloc="37" packages="2" files="5" classes="5"/>
    <package name="src">
      <metrics statements="13" coveredstatements="13" conditionals="11" coveredconditionals="10" methods="4" coveredmethods="4"/>
      <file name="App.tsx" path="A:\Code\EDF1\react-challenge-main\react-challenge-main\src\App.tsx">
        <metrics statements="13" coveredstatements="13" conditionals="11" coveredconditionals="10" methods="4" coveredmethods="4"/>
        <line num="14" count="6" type="stmt"/>
        <line num="16" count="6" type="stmt"/>
        <line num="18" count="6" type="stmt"/>
        <line num="19" count="4" type="stmt"/>
        <line num="20" count="4" type="stmt"/>
        <line num="23" count="6" type="stmt"/>
        <line num="25" count="10" type="stmt"/>
        <line num="27" count="6" type="stmt"/>
        <line num="28" count="1" type="stmt"/>
        <line num="29" count="1" type="stmt"/>
        <line num="30" count="1" type="cond" truecount="1" falsecount="1"/>
        <line num="31" count="1" type="stmt"/>
        <line num="35" count="6" type="stmt"/>
      </file>
    </package>
    <package name="src.components">
      <metrics statements="24" coveredstatements="15" conditionals="7" coveredconditionals="4" methods="8" coveredmethods="4"/>
      <file name="country-card.tsx" path="A:\Code\EDF1\react-challenge-main\react-challenge-main\src\components\country-card.tsx">
        <metrics statements="15" coveredstatements="9" conditionals="7" coveredconditionals="4" methods="4" coveredmethods="1"/>
        <line num="10" count="1" type="stmt"/>
        <line num="12" count="1" type="stmt"/>
        <line num="13" count="3" type="stmt"/>
        <line num="14" count="3" type="cond" truecount="2" falsecount="0"/>
        <line num="16" count="3" type="stmt"/>
        <line num="17" count="3" type="stmt"/>
        <line num="19" count="3" type="stmt"/>
        <line num="20" count="0" type="stmt"/>
        <line num="21" count="0" type="stmt"/>
        <line num="22" count="0" type="stmt"/>
        <line num="26" count="3" type="stmt"/>
        <line num="27" count="0" type="stmt"/>
        <line num="28" count="0" type="stmt"/>
        <line num="31" count="3" type="stmt"/>
        <line num="33" count="0" type="stmt"/>
      </file>
      <file name="country-list.tsx" path="A:\Code\EDF1\react-challenge-main\react-challenge-main\src\components\country-list.tsx">
        <metrics statements="3" coveredstatements="3" conditionals="0" coveredconditionals="0" methods="2" coveredmethods="2"/>
        <line num="10" count="1" type="stmt"/>
        <line num="11" count="3" type="stmt"/>
        <line num="13" count="6" type="stmt"/>
      </file>
      <file name="country-modal.tsx" path="A:\Code\EDF1\react-challenge-main\react-challenge-main\src\components\country-modal.tsx">
        <metrics statements="4" coveredstatements="1" conditionals="0" coveredconditionals="0" methods="1" coveredmethods="0"/>
        <line num="3" count="1" type="stmt"/>
        <line num="4" count="0" type="stmt"/>
        <line num="5" count="0" type="stmt"/>
        <line num="8" count="0" type="stmt"/>
      </file>
      <file name="search-bar.tsx" path="A:\Code\EDF1\react-challenge-main\react-challenge-main\src\components\search-bar.tsx">
        <metrics statements="2" coveredstatements="2" conditionals="0" coveredconditionals="0" methods="1" coveredmethods="1"/>
        <line num="8" count="1" type="stmt"/>
        <line num="9" count="2" type="stmt"/>
      </file>
    </package>
  </project>
</coverage>
