{"A:\\Code\\EDF1\\react-challenge-main\\react-challenge-main\\src\\App.tsx": {"path":"A:\\Code\\EDF1\\react-challenge-main\\react-challenge-main\\src\\App.tsx","statementMap":{"0":{"start":{"line":14,"column":30},"end":{"line":14,"column":42}},"1":{"start":{"line":16,"column":19},"end":{"line":16,"column":45}},"2":{"start":{"line":18,"column":2},"end":{"line":21,"column":9}},"3":{"start":{"line":19,"column":23},"end":{"line":19,"column":25}},"4":{"start":{"line":20,"column":4},"end":{"line":20,"column":41}},"5":{"start":{"line":23,"column":24},"end":{"line":23,"column":48}},"6":{"start":{"line":25,"column":40},"end":{"line":25,"column":90}},"7":{"start":{"line":25,"column":74},"end":{"line":25,"column":89}},"8":{"start":{"line":27,"column":29},"end":{"line":33,"column":3}},"9":{"start":{"line":28,"column":23},"end":{"line":28,"column":41}},"10":{"start":{"line":29,"column":4},"end":{"line":29,"column":26}},"11":{"start":{"line":30,"column":4},"end":{"line":32,"column":5}},"12":{"start":{"line":31,"column":6},"end":{"line":31,"column":43}},"13":{"start":{"line":35,"column":2},"end":{"line":50,"column":4}}},"fnMap":{"0":{"name":"App","decl":{"start":{"line":13,"column":9},"end":{"line":13,"column":12}},"loc":{"start":{"line":13,"column":15},"end":{"line":51,"column":1}},"line":13},"1":{"name":"(anonymous_1)","decl":{"start":{"line":18,"column":12},"end":{"line":18,"column":13}},"loc":{"start":{"line":18,"column":18},"end":{"line":21,"column":3}},"line":18},"2":{"name":"(anonymous_2)","decl":{"start":{"line":25,"column":52},"end":{"line":25,"column":53}},"loc":{"start":{"line":25,"column":74},"end":{"line":25,"column":89}},"line":25},"3":{"name":"(anonymous_3)","decl":{"start":{"line":27,"column":29},"end":{"line":27,"column":30}},"loc":{"start":{"line":27,"column":77},"end":{"line":33,"column":3}},"line":27}},"branchMap":{"0":{"loc":{"start":{"line":30,"column":4},"end":{"line":32,"column":5}},"type":"if","locations":[{"start":{"line":30,"column":4},"end":{"line":32,"column":5}},{"start":{},"end":{}}],"line":30},"1":{"loc":{"start":{"line":44,"column":7},"end":{"line":44,"column":48}},"type":"binary-expr","locations":[{"start":{"line":44,"column":7},"end":{"line":44,"column":12}},{"start":{"line":44,"column":16},"end":{"line":44,"column":48}}],"line":44},"2":{"loc":{"start":{"line":46,"column":7},"end":{"line":46,"column":78}},"type":"binary-expr","locations":[{"start":{"line":46,"column":7},"end":{"line":46,"column":13}},{"start":{"line":46,"column":17},"end":{"line":46,"column":37}},{"start":{"line":46,"column":41},"end":{"line":46,"column":78}}],"line":46},"3":{"loc":{"start":{"line":48,"column":7},"end":{"line":48,"column":84}},"type":"binary-expr","locations":[{"start":{"line":48,"column":7},"end":{"line":48,"column":15}},{"start":{"line":48,"column":19},"end":{"line":48,"column":41}},{"start":{"line":48,"column":45},"end":{"line":48,"column":51}},{"start":{"line":48,"column":55},"end":{"line":48,"column":84}}],"line":48}},"s":{"0":6,"1":6,"2":6,"3":4,"4":4,"5":6,"6":6,"7":10,"8":6,"9":1,"10":1,"11":1,"12":1,"13":6},"f":{"0":6,"1":4,"2":10,"3":1},"b":{"0":[1,0],"1":[6,1],"2":[6,5,1],"3":[6,6,5,2]},"_coverageSchema":"1a1c01bbd47fc00a2c39e90264f33305004495a9","hash":"a7e8bcefb516536f46a47b61332bf68b1504601a"}
,"A:\\Code\\EDF1\\react-challenge-main\\react-challenge-main\\src\\components\\country-card.tsx": {"path":"A:\\Code\\EDF1\\react-challenge-main\\react-challenge-main\\src\\components\\country-card.tsx","statementMap":{"0":{"start":{"line":10,"column":17},"end":{"line":10,"column":19}},"1":{"start":{"line":12,"column":48},"end":{"line":55,"column":1}},"2":{"start":{"line":13,"column":25},"end":{"line":13,"column":47}},"3":{"start":{"line":14,"column":26},"end":{"line":14,"column":113}},"4":{"start":{"line":16,"column":50},"end":{"line":16,"column":64}},"5":{"start":{"line":17,"column":42},"end":{"line":17,"column":57}},"6":{"start":{"line":19,"column":32},"end":{"line":23,"column":5}},"7":{"start":{"line":20,"column":8},"end":{"line":20,"column":28}},"8":{"start":{"line":21,"column":8},"end":{"line":21,"column":36}},"9":{"start":{"line":22,"column":8},"end":{"line":22,"column":29}},"10":{"start":{"line":26,"column":29},"end":{"line":29,"column":5}},"11":{"start":{"line":27,"column":8},"end":{"line":27,"column":30}},"12":{"start":{"line":28,"column":8},"end":{"line":28,"column":33}},"13":{"start":{"line":31,"column":4},"end":{"line":54,"column":5}},"14":{"start":{"line":33,"column":128},"end":{"line":33,"column":156}}},"fnMap":{"0":{"name":"(anonymous_0)","decl":{"start":{"line":12,"column":48},"end":{"line":12,"column":49}},"loc":{"start":{"line":12,"column":65},"end":{"line":55,"column":1}},"line":12},"1":{"name":"(anonymous_1)","decl":{"start":{"line":19,"column":32},"end":{"line":19,"column":33}},"loc":{"start":{"line":19,"column":50},"end":{"line":23,"column":5}},"line":19},"2":{"name":"(anonymous_2)","decl":{"start":{"line":26,"column":29},"end":{"line":26,"column":30}},"loc":{"start":{"line":26,"column":35},"end":{"line":29,"column":5}},"line":26},"3":{"name":"(anonymous_3)","decl":{"start":{"line":33,"column":122},"end":{"line":33,"column":123}},"loc":{"start":{"line":33,"column":128},"end":{"line":33,"column":156}},"line":33}},"branchMap":{"0":{"loc":{"start":{"line":14,"column":26},"end":{"line":14,"column":113}},"type":"cond-expr","locations":[{"start":{"line":14,"column":59},"end":{"line":14,"column":98}},{"start":{"line":14,"column":101},"end":{"line":14,"column":113}}],"line":14},"1":{"loc":{"start":{"line":41,"column":46},"end":{"line":41,"column":70}},"type":"binary-expr","locations":[{"start":{"line":41,"column":46},"end":{"line":41,"column":61}},{"start":{"line":41,"column":65},"end":{"line":41,"column":70}}],"line":41},"2":{"loc":{"start":{"line":49,"column":13},"end":{"line":51,"column":13}},"type":"binary-expr","locations":[{"start":{"line":49,"column":13},"end":{"line":49,"column":24}},{"start":{"line":49,"column":28},"end":{"line":49,"column":43}},{"start":{"line":50,"column":16},"end":{"line":50,"column":85}}],"line":49}},"s":{"0":1,"1":1,"2":3,"3":3,"4":3,"5":3,"6":3,"7":0,"8":0,"9":0,"10":3,"11":0,"12":0,"13":3,"14":0},"f":{"0":3,"1":0,"2":0,"3":0},"b":{"0":[2,1],"1":[3,0],"2":[3,0,0]},"_coverageSchema":"1a1c01bbd47fc00a2c39e90264f33305004495a9","hash":"e838d7028643966fef91fd97cc24b42fef59084e"}
,"A:\\Code\\EDF1\\react-challenge-main\\react-challenge-main\\src\\components\\country-list.tsx": {"path":"A:\\Code\\EDF1\\react-challenge-main\\react-challenge-main\\src\\components\\country-list.tsx","statementMap":{"0":{"start":{"line":10,"column":48},"end":{"line":18,"column":1}},"1":{"start":{"line":11,"column":4},"end":{"line":17,"column":10}},"2":{"start":{"line":13,"column":12},"end":{"line":15,"column":18}}},"fnMap":{"0":{"name":"(anonymous_0)","decl":{"start":{"line":10,"column":48},"end":{"line":10,"column":49}},"loc":{"start":{"line":11,"column":4},"end":{"line":17,"column":10}},"line":11},"1":{"name":"(anonymous_1)","decl":{"start":{"line":12,"column":23},"end":{"line":12,"column":24}},"loc":{"start":{"line":13,"column":12},"end":{"line":15,"column":18}},"line":13}},"branchMap":{},"s":{"0":1,"1":3,"2":6},"f":{"0":3,"1":6},"b":{},"_coverageSchema":"1a1c01bbd47fc00a2c39e90264f33305004495a9","hash":"674682176ef73ece27166204a4a3b164119adac7"}
,"A:\\Code\\EDF1\\react-challenge-main\\react-challenge-main\\src\\components\\country-modal.tsx": {"path":"A:\\Code\\EDF1\\react-challenge-main\\react-challenge-main\\src\\components\\country-modal.tsx","statementMap":{"0":{"start":{"line":3,"column":21},"end":{"line":32,"column":1}},"1":{"start":{"line":4,"column":4},"end":{"line":4,"column":48}},"2":{"start":{"line":5,"column":19},"end":{"line":5,"column":243}},"3":{"start":{"line":8,"column":4},"end":{"line":31,"column":6}}},"fnMap":{"0":{"name":"(anonymous_0)","decl":{"start":{"line":3,"column":21},"end":{"line":3,"column":22}},"loc":{"start":{"line":3,"column":47},"end":{"line":32,"column":1}},"line":3}},"branchMap":{},"s":{"0":1,"1":0,"2":0,"3":0},"f":{"0":0},"b":{},"_coverageSchema":"1a1c01bbd47fc00a2c39e90264f33305004495a9","hash":"7da00605f447adec0c45c735836705ca1849cd8b"}
,"A:\\Code\\EDF1\\react-challenge-main\\react-challenge-main\\src\\components\\search-bar.tsx": {"path":"A:\\Code\\EDF1\\react-challenge-main\\react-challenge-main\\src\\components\\search-bar.tsx","statementMap":{"0":{"start":{"line":8,"column":44},"end":{"line":23,"column":1}},"1":{"start":{"line":9,"column":4},"end":{"line":22,"column":10}}},"fnMap":{"0":{"name":"(anonymous_0)","decl":{"start":{"line":8,"column":44},"end":{"line":8,"column":45}},"loc":{"start":{"line":9,"column":4},"end":{"line":22,"column":10}},"line":9}},"branchMap":{},"s":{"0":1,"1":2},"f":{"0":2},"b":{},"_coverageSchema":"1a1c01bbd47fc00a2c39e90264f33305004495a9","hash":"afc0741cf6a2ed2b1ee999a200dcc926232b0e9f"}
}
