TN:
SF:src\App.tsx
FN:13,App
FN:18,(anonymous_1)
FN:25,(anonymous_2)
FN:27,(anonymous_3)
FNF:4
FNH:4
FNDA:6,App
FNDA:4,(anonymous_1)
FNDA:10,(anonymous_2)
FNDA:1,(anonymous_3)
DA:14,6
DA:16,6
DA:18,6
DA:19,4
DA:20,4
DA:23,6
DA:25,10
DA:27,6
DA:28,1
DA:29,1
DA:30,1
DA:31,1
DA:35,6
LF:13
LH:13
BRDA:30,0,0,1
BRDA:30,0,1,0
BRDA:44,1,0,6
BRDA:44,1,1,1
BRDA:46,2,0,6
BRDA:46,2,1,5
BRDA:46,2,2,1
BRDA:48,3,0,6
BRDA:48,3,1,6
BRDA:48,3,2,5
BRDA:48,3,3,2
BRF:11
BRH:10
end_of_record
TN:
SF:src\components\country-card.tsx
FN:12,(anonymous_0)
FN:19,(anonymous_1)
FN:26,(anonymous_2)
FN:33,(anonymous_3)
FNF:4
FNH:1
FNDA:3,(anonymous_0)
FNDA:0,(anonymous_1)
FNDA:0,(anonymous_2)
FNDA:0,(anonymous_3)
DA:10,1
DA:12,1
DA:13,3
DA:14,3
DA:16,3
DA:17,3
DA:19,3
DA:20,0
DA:21,0
DA:22,0
DA:26,3
DA:27,0
DA:28,0
DA:31,3
DA:33,0
LF:15
LH:9
BRDA:14,0,0,2
BRDA:14,0,1,1
BRDA:41,1,0,3
BRDA:41,1,1,0
BRDA:49,2,0,3
BRDA:49,2,1,0
BRDA:49,2,2,0
BRF:7
BRH:4
end_of_record
TN:
SF:src\components\country-list.tsx
FN:10,(anonymous_0)
FN:12,(anonymous_1)
FNF:2
FNH:2
FNDA:3,(anonymous_0)
FNDA:6,(anonymous_1)
DA:10,1
DA:11,3
DA:13,6
LF:3
LH:3
BRF:0
BRH:0
end_of_record
TN:
SF:src\components\country-modal.tsx
FN:3,(anonymous_0)
FNF:1
FNH:0
FNDA:0,(anonymous_0)
DA:3,1
DA:4,0
DA:5,0
DA:8,0
LF:4
LH:1
BRF:0
BRH:0
end_of_record
TN:
SF:src\components\search-bar.tsx
FN:8,(anonymous_0)
FNF:1
FNH:1
FNDA:2,(anonymous_0)
DA:8,1
DA:9,2
LF:2
LH:2
BRF:0
BRH:0
end_of_record
